time="2022-07-29T14:18:55+03:00" level=info msg="create router" func="main.main()" file="app.go: 21"
time="2022-07-29T14:18:55+03:00" level=info msg="Read application configuration" func="papvan/cvmaker/internal/config.GetConfig.func1()" file="config.go: 25"
time="2022-07-29T14:18:55+03:00" level=info msg="register user handler" func="main.main()" file="app.go: 26"
time="2022-07-29T14:18:55+03:00" level=info msg="start application" func="main.start()" file="app.go: 35"
time="2022-07-29T14:20:44+03:00" level=info msg="create router" func="main.main()" file="app.go: 21"
time="2022-07-29T14:20:44+03:00" level=info msg="Read application configuration" func="papvan/cvmaker/internal/config.GetConfig.func1()" file="config.go: 25"
time="2022-07-29T14:20:44+03:00" level=info msg="register user handler" func="main.main()" file="app.go: 26"
time="2022-07-29T14:20:44+03:00" level=info msg="start application" func="main.start()" file="app.go: 35"
time="2022-07-29T14:24:54+03:00" level=info msg="create router" func="main.main()" file="app.go: 21"
time="2022-07-29T14:24:54+03:00" level=info msg="Read application configuration" func="papvan/cvmaker/internal/config.GetConfig.func1()" file="config.go: 25"
time="2022-07-29T14:24:54+03:00" level=info msg="register user handler" func="main.main()" file="app.go: 26"
time="2022-07-29T14:24:54+03:00" level=info msg="start application" func="main.start()" file="app.go: 35"
time="2022-07-29T14:25:17+03:00" level=info msg="create router" func="main.main()" file="app.go: 21"
time="2022-07-29T14:25:17+03:00" level=info msg="Read application configuration" func="papvan/cvmaker/internal/config.GetConfig.func1()" file="config.go: 25"
time="2022-07-29T14:25:50+03:00" level=info msg="create router" func="main.main()" file="app.go: 21"
time="2022-07-29T14:25:50+03:00" level=info msg="Read application configuration" func="papvan/cvmaker/internal/config.GetConfig.func1()" file="config.go: 25"
time="2022-07-29T14:26:05+03:00" level=info msg="create router" func="main.main()" file="app.go: 21"
time="2022-07-29T14:26:05+03:00" level=info msg="Read application configuration" func="papvan/cvmaker/internal/config.GetConfig.func1()" file="config.go: 25"
time="2022-07-29T14:28:45+03:00" level=info msg="create router" func="main.main()" file="app.go: 21"
time="2022-07-29T14:28:45+03:00" level=info msg="Read application configuration" func="papvan/cvmaker/internal/config.GetConfig.func1()" file="config.go: 25"
time="2022-07-29T14:28:45+03:00" level=info msg="register user handler" func="main.main()" file="app.go: 26"
time="2022-07-29T14:28:45+03:00" level=info msg="start application" func="main.start()" file="app.go: 35"
time="2022-07-29T14:31:57+03:00" level=info msg="create router" func="main.main()" file="app.go: 21"
time="2022-07-29T14:31:57+03:00" level=info msg="Read application configuration" func="papvan/cvmaker/internal/config.GetConfig.func1()" file="config.go: 25"
time="2022-07-29T14:32:20+03:00" level=info msg="register user handler" func="main.main()" file="app.go: 26"
time="2022-07-29T14:32:20+03:00" level=info msg="start application" func="main.start()" file="app.go: 35"
time="2022-07-29T15:38:39+03:00" level=info msg="create router" func="main.main()" file="app.go: 21"
time="2022-07-29T15:38:39+03:00" level=info msg="Read application configuration" func="papvan/cvmaker/internal/config.GetConfig.func1()" file="config.go: 25"
time="2022-07-29T15:38:39+03:00" level=info msg="register user handler" func="main.main()" file="app.go: 26"
time="2022-07-29T15:38:39+03:00" level=info msg="start application" func="main.start()" file="app.go: 35"
time="2022-07-29T15:39:37+03:00" level=info msg="create router" func="main.main()" file="app.go: 21"
time="2022-07-29T15:39:37+03:00" level=info msg="Read application configuration" func="papvan/cvmaker/internal/config.GetConfig.func1()" file="config.go: 25"
time="2022-07-29T15:40:03+03:00" level=info msg="create router" func="main.main()" file="app.go: 21"
time="2022-07-29T15:40:03+03:00" level=info msg="Read application configuration" func="papvan/cvmaker/internal/config.GetConfig.func1()" file="config.go: 25"
time="2022-07-29T15:40:03+03:00" level=info msg="register user handler" func="main.main()" file="app.go: 26"
time="2022-07-29T15:40:03+03:00" level=info msg="start application" func="main.start()" file="app.go: 35"
time="2022-07-29T15:40:40+03:00" level=info msg="create router" func="main.main()" file="app.go: 21"
time="2022-07-29T15:40:40+03:00" level=info msg="Read application configuration" func="papvan/cvmaker/internal/config.GetConfig.func1()" file="config.go: 25"
time="2022-07-29T15:42:12+03:00" level=info msg="create router" func="main.main()" file="app.go: 21"
time="2022-07-29T15:42:12+03:00" level=info msg="Read application configuration" func="papvan/cvmaker/internal/config.GetConfig.func1()" file="config.go: 25"
time="2022-07-29T15:42:12+03:00" level=info msg="register user handler" func="main.main()" file="app.go: 26"
time="2022-07-29T15:42:12+03:00" level=info msg="start application" func="main.start()" file="app.go: 35"
time="2022-07-29T15:42:30+03:00" level=info msg="create router" func="main.main()" file="app.go: 21"
time="2022-07-29T15:42:30+03:00" level=info msg="Read application configuration" func="papvan/cvmaker/internal/config.GetConfig.func1()" file="config.go: 25"
time="2022-07-29T15:43:18+03:00" level=info msg="create router" func="main.main()" file="app.go: 21"
time="2022-07-29T15:43:18+03:00" level=info msg="Read application configuration" func="papvan/cvmaker/internal/config.GetConfig.func1()" file="config.go: 25"
time="2022-07-29T15:43:41+03:00" level=info msg="create router" func="main.main()" file="app.go: 21"
time="2022-07-29T15:43:41+03:00" level=info msg="Read application configuration" func="papvan/cvmaker/internal/config.GetConfig.func1()" file="config.go: 25"
time="2022-07-29T15:44:27+03:00" level=info msg="create router" func="main.main()" file="app.go: 21"
time="2022-07-29T15:44:27+03:00" level=info msg="Read application configuration" func="papvan/cvmaker/internal/config.GetConfig.func1()" file="config.go: 25"
time="2022-07-29T15:45:00+03:00" level=info msg="create router" func="main.main()" file="app.go: 21"
time="2022-07-29T15:45:00+03:00" level=info msg="Read application configuration" func="papvan/cvmaker/internal/config.GetConfig.func1()" file="config.go: 25"
time="2022-07-29T15:46:06+03:00" level=info msg="create router" func="main.main()" file="app.go: 21"
time="2022-07-29T15:46:25+03:00" level=info msg="create router" func="main.main()" file="app.go: 21"
time="2022-07-29T15:46:25+03:00" level=info msg="Read application configuration" func="papvan/cvmaker/internal/config.GetConfig.func1()" file="config.go: 25"
time="2022-07-29T15:47:22+03:00" level=info msg="create router" func="main.main()" file="app.go: 21"
time="2022-07-29T15:47:22+03:00" level=info msg="Read application configuration" func="papvan/cvmaker/internal/config.GetConfig.func1()" file="config.go: 25"
time="2022-07-29T15:47:22+03:00" level=info msg="register user handler" func="main.main()" file="app.go: 26"
time="2022-07-29T15:47:22+03:00" level=info msg="start application" func="main.start()" file="app.go: 35"
time="2022-07-29T15:47:22+03:00" level=info msg="listen tcp" func="main.start()" file="app.go: 52"
time="2022-07-29T15:47:22+03:00" level=info msg="Server is listening 0.0.0.0:10000..." func="main.start()" file="app.go: 54"
time="2022-07-29T15:48:21+03:00" level=info msg="create router" func="main.main()" file="app.go: 21"
time="2022-07-29T15:48:21+03:00" level=info msg="Read application configuration" func="papvan/cvmaker/internal/config.GetConfig.func1()" file="config.go: 25"
time="2022-07-29T15:48:21+03:00" level=info msg="register user handler" func="main.main()" file="app.go: 26"
time="2022-07-29T15:48:21+03:00" level=info msg="start application" func="main.start()" file="app.go: 35"
time="2022-07-29T15:48:21+03:00" level=info msg="create socket" func="main.start()" file="app.go: 45"
time="2022-07-29T15:48:21+03:00" level=info msg="listen unix socket" func="main.start()" file="app.go: 48"
time="2022-07-29T15:48:21+03:00" level=info msg="Server is listening unix socket: /home/user/wrk/repos/cvmaker/build/app.sock..." func="main.start()" file="app.go: 50"
time="2022-07-29T16:39:47+03:00" level=info msg="create router" func="main.main()" file="app.go: 21"
time="2022-07-29T16:39:47+03:00" level=info msg="Read application configuration" func="papvan/cvmaker/internal/config.GetConfig.func1()" file="config.go: 25"
time="2022-07-29T16:39:47+03:00" level=info msg="register user handler" func="main.main()" file="app.go: 26"
time="2022-07-29T16:39:47+03:00" level=info msg="start application" func="main.start()" file="app.go: 35"
time="2022-07-29T16:39:47+03:00" level=info msg="create socket" func="main.start()" file="app.go: 45"
time="2022-07-29T16:39:47+03:00" level=info msg="listen unix socket" func="main.start()" file="app.go: 48"
time="2022-07-29T16:39:47+03:00" level=info msg="Server is listening unix socket: /home/user/wrk/repos/cvmaker/build/app.sock..." func="main.start()" file="app.go: 50"
time="2022-07-29T16:39:47+03:00" level=fatal msg="listen unix /home/user/wrk/repos/cvmaker/build/app.sock: bind: address already in use" func="main.start()" file="app.go: 58"
time="2022-07-29T16:40:08+03:00" level=info msg="create router" func="main.main()" file="app.go: 21"
time="2022-07-29T16:40:08+03:00" level=info msg="Read application configuration" func="papvan/cvmaker/internal/config.GetConfig.func1()" file="config.go: 25"
time="2022-07-29T16:40:08+03:00" level=info msg="register user handler" func="main.main()" file="app.go: 26"
time="2022-07-29T16:40:08+03:00" level=info msg="start application" func="main.start()" file="app.go: 35"
time="2022-07-29T16:40:08+03:00" level=info msg="listen tcp" func="main.start()" file="app.go: 52"
time="2022-07-29T16:40:08+03:00" level=info msg="Server is listening 0.0.0.0:10000..." func="main.start()" file="app.go: 54"
time="2022-08-03T10:46:10+03:00" level=info msg="create router" func="main.main()" file="app.go: 24"
time="2022-08-03T10:46:10+03:00" level=info msg="Read application configuration" func="papvan/cvmaker/internal/config.GetConfig.func1()" file="config.go: 34"
time="2022-08-03T10:46:37+03:00" level=info msg="create router" func="main.main()" file="app.go: 24"
time="2022-08-03T10:46:37+03:00" level=info msg="Read application configuration" func="papvan/cvmaker/internal/config.GetConfig.func1()" file="config.go: 34"
time="2022-08-03T10:47:36+03:00" level=info msg="create router" func="main.main()" file="app.go: 24"
time="2022-08-03T10:47:36+03:00" level=info msg="Read application configuration" func="papvan/cvmaker/internal/config.GetConfig.func1()" file="config.go: 34"
time="2022-08-03T11:15:07+03:00" level=info msg="create router" func="main.main()" file="app.go: 24"
time="2022-08-03T11:15:07+03:00" level=info msg="Read application configuration" func="papvan/cvmaker/internal/config.GetConfig.func1()" file="config.go: 34"
time="2022-08-03T11:17:29+03:00" level=info msg="create router" func="main.main()" file="app.go: 24"
time="2022-08-03T11:17:29+03:00" level=info msg="Read application configuration" func="papvan/cvmaker/internal/config.GetConfig.func1()" file="config.go: 34"
time="2022-08-03T11:18:52+03:00" level=info msg="create router" func="main.main()" file="app.go: 24"
time="2022-08-03T11:18:52+03:00" level=info msg="Read application configuration" func="papvan/cvmaker/internal/config.GetConfig.func1()" file="config.go: 34"
time="2022-08-03T11:19:06+03:00" level=info msg="create router" func="main.main()" file="app.go: 24"
time="2022-08-03T11:19:06+03:00" level=info msg="Read application configuration" func="papvan/cvmaker/internal/config.GetConfig.func1()" file="config.go: 34"
time="2022-08-03T11:19:57+03:00" level=info msg="create router" func="main.main()" file="app.go: 24"
time="2022-08-03T11:19:57+03:00" level=info msg="Read application configuration" func="papvan/cvmaker/internal/config.GetConfig.func1()" file="config.go: 34"
time="2022-08-03T11:21:09+03:00" level=info msg="create router" func="main.main()" file="app.go: 24"
time="2022-08-03T11:21:09+03:00" level=info msg="Read application configuration" func="papvan/cvmaker/internal/config.GetConfig.func1()" file="config.go: 34"
time="2022-08-03T11:21:33+03:00" level=info msg="create router" func="main.main()" file="app.go: 24"
time="2022-08-03T11:21:33+03:00" level=info msg="Read application configuration" func="papvan/cvmaker/internal/config.GetConfig.func1()" file="config.go: 34"
time="2022-08-03T11:21:33+03:00" level=info msg=62ea300d2468af5997bf019f func="main.main()" file="app.go: 47"
time="2022-08-03T11:21:33+03:00" level=info msg="register user handler" func="main.main()" file="app.go: 49"
time="2022-08-03T11:21:33+03:00" level=info msg="start application" func="main.start()" file="app.go: 58"
time="2022-08-03T11:21:33+03:00" level=info msg="listen tcp" func="main.start()" file="app.go: 75"
time="2022-08-03T11:21:33+03:00" level=info msg="Server is listening 0.0.0.0:10000..." func="main.start()" file="app.go: 77"
time="2022-08-03T11:22:18+03:00" level=info msg="create router" func="main.main()" file="app.go: 24"
time="2022-08-03T11:22:18+03:00" level=info msg="Read application configuration" func="papvan/cvmaker/internal/config.GetConfig.func1()" file="config.go: 34"
time="2022-08-03T11:24:59+03:00" level=info msg="create router" func="main.main()" file="app.go: 24"
time="2022-08-03T11:24:59+03:00" level=info msg="Read application configuration" func="papvan/cvmaker/internal/config.GetConfig.func1()" file="config.go: 34"
time="2022-08-03T11:25:31+03:00" level=info msg="create router" func="main.main()" file="app.go: 24"
time="2022-08-03T11:25:31+03:00" level=info msg="Read application configuration" func="papvan/cvmaker/internal/config.GetConfig.func1()" file="config.go: 34"
time="2022-08-03T11:25:31+03:00" level=info msg=62ea30fb3a33a9a44ebf2b04 func="main.main()" file="app.go: 47"
time="2022-08-03T11:25:31+03:00" level=info msg="register user handler" func="main.main()" file="app.go: 49"
time="2022-08-03T11:25:31+03:00" level=info msg="start application" func="main.start()" file="app.go: 58"
time="2022-08-03T11:25:31+03:00" level=info msg="listen tcp" func="main.start()" file="app.go: 75"
time="2022-08-03T11:25:31+03:00" level=info msg="Server is listening 0.0.0.0:10000..." func="main.start()" file="app.go: 77"
time="2022-08-03T11:25:56+03:00" level=info msg="create router" func="main.main()" file="app.go: 24"
time="2022-08-03T11:25:56+03:00" level=info msg="Read application configuration" func="papvan/cvmaker/internal/config.GetConfig.func1()" file="config.go: 34"
time="2022-08-03T11:25:56+03:00" level=info msg=62ea3114da9fe3458b89e5b1 func="main.main()" file="app.go: 47"
time="2022-08-03T11:25:56+03:00" level=info msg="register user handler" func="main.main()" file="app.go: 49"
time="2022-08-03T11:25:56+03:00" level=info msg="start application" func="main.start()" file="app.go: 58"
time="2022-08-03T11:25:56+03:00" level=info msg="listen tcp" func="main.start()" file="app.go: 75"
time="2022-08-03T11:25:56+03:00" level=info msg="Server is listening 0.0.0.0:10000..." func="main.start()" file="app.go: 77"
time="2022-08-03T12:46:33+03:00" level=info msg="create router" func="main.main()" file="app.go: 24"
time="2022-08-03T12:46:33+03:00" level=info msg="Read application configuration" func="papvan/cvmaker/internal/config.GetConfig.func1()" file="config.go: 34"
time="2022-08-03T12:46:33+03:00" level=info msg=62ea43f9a6941a70352e72d3 func="main.main()" file="app.go: 47"
time="2022-08-03T12:46:33+03:00" level=info msg="register user handler" func="main.main()" file="app.go: 49"
time="2022-08-03T12:46:33+03:00" level=info msg="start application" func="main.start()" file="app.go: 58"
time="2022-08-03T12:46:33+03:00" level=info msg="listen tcp" func="main.start()" file="app.go: 75"
time="2022-08-03T12:46:33+03:00" level=info msg="Server is listening 0.0.0.0:10000..." func="main.start()" file="app.go: 77"
time="2022-08-03T12:50:13+03:00" level=info msg="create router" func="main.main()" file="app.go: 24"
time="2022-08-03T12:50:13+03:00" level=info msg="Read application configuration" func="papvan/cvmaker/internal/config.GetConfig.func1()" file="config.go: 34"
time="2022-08-03T12:50:13+03:00" level=info msg=62ea44d50075417e84f314c9 func="main.main()" file="app.go: 47"
time="2022-08-03T12:50:13+03:00" level=info msg="register user handler" func="main.main()" file="app.go: 49"
time="2022-08-03T12:50:13+03:00" level=info msg="start application" func="main.start()" file="app.go: 58"
time="2022-08-03T12:50:13+03:00" level=info msg="listen tcp" func="main.start()" file="app.go: 75"
time="2022-08-03T12:50:13+03:00" level=info msg="Server is listening 0.0.0.0:10000..." func="main.start()" file="app.go: 77"
time="2022-08-03T12:55:35+03:00" level=info msg="create router" func="main.main()" file="app.go: 24"
time="2022-08-03T12:55:35+03:00" level=info msg="Read application configuration" func="papvan/cvmaker/internal/config.GetConfig.func1()" file="config.go: 34"
time="2022-08-03T12:55:35+03:00" level=info msg=62ea4617dc120d28555ecb4f func="main.main()" file="app.go: 47"
time="2022-08-03T12:55:35+03:00" level=info msg="register user handler" func="main.main()" file="app.go: 49"
time="2022-08-03T12:55:35+03:00" level=info msg="start application" func="main.start()" file="app.go: 58"
time="2022-08-03T12:55:35+03:00" level=info msg="listen tcp" func="main.start()" file="app.go: 75"
time="2022-08-03T12:55:35+03:00" level=info msg="Server is listening 0.0.0.0:10000..." func="main.start()" file="app.go: 77"
time="2022-08-09T13:35:25+03:00" level=info msg="create router" func="main.main()" file="app.go: 24"
time="2022-08-09T13:35:25+03:00" level=info msg="Read application configuration" func="papvan/cvmaker/internal/config.GetConfig.func1()" file="config.go: 43"
time="2022-08-09T13:36:58+03:00" level=info msg="create router" func="main.main()" file="app.go: 24"
time="2022-08-09T13:36:58+03:00" level=info msg="Read application configuration" func="papvan/cvmaker/internal/config.GetConfig.func1()" file="config.go: 43"
time="2022-08-09T13:38:21+03:00" level=info msg="create router" func="main.main()" file="app.go: 24"
time="2022-08-09T13:38:21+03:00" level=info msg="Read application configuration" func="papvan/cvmaker/internal/config.GetConfig.func1()" file="config.go: 43"
time="2022-08-09T13:38:52+03:00" level=info msg="create router" func="main.main()" file="app.go: 24"
time="2022-08-09T13:38:52+03:00" level=info msg="Read application configuration" func="papvan/cvmaker/internal/config.GetConfig.func1()" file="config.go: 43"
time="2022-08-09T13:42:14+03:00" level=info msg="create router" func="main.main()" file="app.go: 24"
time="2022-08-09T13:42:14+03:00" level=info msg="Read application configuration" func="papvan/cvmaker/internal/config.GetConfig.func1()" file="config.go: 43"
time="2022-08-09T13:42:14+03:00" level=info msg="{335905f5-2706-4fc0-9e4c-78c50c1d8632 Ivan Petrov}" func="main.main()" file="app.go: 40"
time="2022-08-09T13:42:14+03:00" level=info msg="{d3a1e805-96c1-49d6-8bce-dfab5c288d84 Will Smith}" func="main.main()" file="app.go: 40"
time="2022-08-09T13:42:14+03:00" level=info msg="{fb884012-ce25-4434-b093-0d7afe11e241 Angelina Jolly}" func="main.main()" file="app.go: 40"
time="2022-08-09T13:42:14+03:00" level=info msg="register user handler" func="main.main()" file="app.go: 43"
time="2022-08-09T13:42:14+03:00" level=info msg="start application" func="main.start()" file="app.go: 52"
time="2022-08-09T13:42:14+03:00" level=info msg="listen tcp" func="main.start()" file="app.go: 69"
time="2022-08-09T13:42:14+03:00" level=info msg="Server is listening 0.0.0.0:10000..." func="main.start()" file="app.go: 71"
time="2022-08-09T17:58:01+03:00" level=info msg="create router" func="main.main()" file="app.go: 24"
time="2022-08-09T17:58:01+03:00" level=info msg="Read application configuration" func="papvan/cvmaker/internal/config.GetConfig.func1()" file="config.go: 43"
time="2022-08-09T17:58:01+03:00" level=info msg="{c6254b6e-d18e-489d-8859-93b4d9b1219b Властелин колец [{4cf14ef9-9c0e-4480-8c86-709acc03114e Джон Р. Р. Толкин}]}" func="main.main()" file="app.go: 40"
time="2022-08-09T17:58:01+03:00" level=info msg="{6ad58474-9a89-4abb-8f49-bdddb33746af Гордость и предубеждение [{0f739c77-59bc-437f-9c18-38f2b4fa93bc Филип Пулман} {40452dec-04e8-4379-9f61-07b0016e428f Джейн Остин}]}" func="main.main()" file="app.go: 40"
time="2022-08-09T17:58:01+03:00" level=info msg="{cae7c9f4-6478-49c5-b19c-cc861d5e4c1f Тёмные начала [{0f739c77-59bc-437f-9c18-38f2b4fa93bc Филип Пулман}]}" func="main.main()" file="app.go: 40"
time="2022-08-09T17:58:01+03:00" level=info msg="register user handler" func="main.main()" file="app.go: 43"
time="2022-08-09T17:58:01+03:00" level=info msg="start application" func="main.start()" file="app.go: 52"
time="2022-08-09T17:58:01+03:00" level=info msg="listen tcp" func="main.start()" file="app.go: 69"
time="2022-08-09T17:58:01+03:00" level=info msg="Server is listening 0.0.0.0:10000..." func="main.start()" file="app.go: 71"
time="2022-08-12T12:15:23+03:00" level=info msg="create router" func="main.main()" file="app.go: 24"
time="2022-08-12T12:15:23+03:00" level=info msg="Read application configuration" func="papvan/cvmaker/internal/config.GetConfig.func1()" file="config.go: 43"
time="2022-08-12T12:15:23+03:00" level=info msg="{c6254b6e-d18e-489d-8859-93b4d9b1219b Властелин колец 2006 [{4cf14ef9-9c0e-4480-8c86-709acc03114e Джон Р. Р. Толкин}]}" func="main.main()" file="app.go: 40"
time="2022-08-12T12:15:23+03:00" level=info msg="{6ad58474-9a89-4abb-8f49-bdddb33746af Гордость и предубеждение 2001 [{0f739c77-59bc-437f-9c18-38f2b4fa93bc Филип Пулман} {40452dec-04e8-4379-9f61-07b0016e428f Джейн Остин}]}" func="main.main()" file="app.go: 40"
time="2022-08-12T12:15:23+03:00" level=info msg="{cae7c9f4-6478-49c5-b19c-cc861d5e4c1f Тёмные начала 2015 [{0f739c77-59bc-437f-9c18-38f2b4fa93bc Филип Пулман}]}" func="main.main()" file="app.go: 40"
time="2022-08-12T12:15:23+03:00" level=info msg="register user handler" func="main.main()" file="app.go: 43"
time="2022-08-12T12:15:23+03:00" level=info msg="start application" func="main.start()" file="app.go: 52"
time="2022-08-12T12:15:23+03:00" level=info msg="listen tcp" func="main.start()" file="app.go: 69"
time="2022-08-12T12:15:23+03:00" level=info msg="Server is listening 0.0.0.0:10000..." func="main.start()" file="app.go: 71"
time="2022-08-12T12:17:22+03:00" level=info msg="create router" func="main.main()" file="app.go: 24"
time="2022-08-12T12:17:22+03:00" level=info msg="Read application configuration" func="papvan/cvmaker/internal/config.GetConfig.func1()" file="config.go: 43"
time="2022-08-12T12:17:22+03:00" level=fatal msg="can't scan into dest[2]: cannot assign 0 1 into *int" func="main.main()" file="app.go: 36"
time="2022-08-12T12:17:37+03:00" level=info msg="create router" func="main.main()" file="app.go: 24"
time="2022-08-12T12:17:37+03:00" level=info msg="Read application configuration" func="papvan/cvmaker/internal/config.GetConfig.func1()" file="config.go: 43"
time="2022-08-12T12:17:37+03:00" level=info msg="{c6254b6e-d18e-489d-8859-93b4d9b1219b Властелин колец 0xc00010e1f8 [{4cf14ef9-9c0e-4480-8c86-709acc03114e Джон Р. Р. Толкин}]}" func="main.main()" file="app.go: 40"
time="2022-08-12T12:17:37+03:00" level=info msg="{6ad58474-9a89-4abb-8f49-bdddb33746af Гордость и предубеждение 0xc00010e630 [{0f739c77-59bc-437f-9c18-38f2b4fa93bc Филип Пулман} {40452dec-04e8-4379-9f61-07b0016e428f Джейн Остин}]}" func="main.main()" file="app.go: 40"
time="2022-08-12T12:17:37+03:00" level=info msg="{cae7c9f4-6478-49c5-b19c-cc861d5e4c1f Тёмные начала <nil> [{0f739c77-59bc-437f-9c18-38f2b4fa93bc Филип Пулман}]}" func="main.main()" file="app.go: 40"
time="2022-08-12T12:17:37+03:00" level=info msg="register user handler" func="main.main()" file="app.go: 43"
time="2022-08-12T12:17:37+03:00" level=info msg="start application" func="main.start()" file="app.go: 52"
time="2022-08-12T12:17:37+03:00" level=info msg="listen tcp" func="main.start()" file="app.go: 69"
time="2022-08-12T12:17:37+03:00" level=info msg="Server is listening 0.0.0.0:10000..." func="main.start()" file="app.go: 71"
time="2022-08-12T12:30:17+03:00" level=info msg="create router" func="main.main()" file="app.go: 24"
time="2022-08-12T12:30:17+03:00" level=info msg="Read application configuration" func="papvan/cvmaker/internal/config.GetConfig.func1()" file="config.go: 43"
time="2022-08-12T12:30:17+03:00" level=info msg="{c6254b6e-d18e-489d-8859-93b4d9b1219b Властелин колец 2006 [{4cf14ef9-9c0e-4480-8c86-709acc03114e Джон Р. Р. Толкин}]}" func="main.main()" file="app.go: 40"
time="2022-08-12T12:30:17+03:00" level=info msg="{6ad58474-9a89-4abb-8f49-bdddb33746af Гордость и предубеждение 2001 [{0f739c77-59bc-437f-9c18-38f2b4fa93bc Филип Пулман} {40452dec-04e8-4379-9f61-07b0016e428f Джейн Остин}]}" func="main.main()" file="app.go: 40"
time="2022-08-12T12:30:17+03:00" level=info msg="{cae7c9f4-6478-49c5-b19c-cc861d5e4c1f Тёмные начала 0 [{0f739c77-59bc-437f-9c18-38f2b4fa93bc Филип Пулман}]}" func="main.main()" file="app.go: 40"
time="2022-08-12T12:30:17+03:00" level=info msg="register user handler" func="main.main()" file="app.go: 43"
time="2022-08-12T12:30:17+03:00" level=info msg="start application" func="main.start()" file="app.go: 52"
time="2022-08-12T12:30:17+03:00" level=info msg="listen tcp" func="main.start()" file="app.go: 69"
time="2022-08-12T12:30:17+03:00" level=info msg="Server is listening 0.0.0.0:10000..." func="main.start()" file="app.go: 71"
time="2022-08-12T13:39:16+03:00" level=info msg="create router" func="main.main()" file="app.go: 24"
time="2022-08-12T13:39:16+03:00" level=info msg="Read application configuration" func="papvan/cvmaker/internal/config.GetConfig.func1()" file="config.go: 43"
time="2022-08-12T13:39:16+03:00" level=info msg="{c6254b6e-d18e-489d-8859-93b4d9b1219b Властелин колец 2006 [{4cf14ef9-9c0e-4480-8c86-709acc03114e Джон Р. Р. Толкин}]}" func="main.main()" file="app.go: 40"
time="2022-08-12T13:39:16+03:00" level=info msg="{6ad58474-9a89-4abb-8f49-bdddb33746af Гордость и предубеждение 2001 [{0f739c77-59bc-437f-9c18-38f2b4fa93bc Филип Пулман} {40452dec-04e8-4379-9f61-07b0016e428f Джейн Остин}]}" func="main.main()" file="app.go: 40"
time="2022-08-12T13:39:16+03:00" level=info msg="{cae7c9f4-6478-49c5-b19c-cc861d5e4c1f Тёмные начала 0 [{0f739c77-59bc-437f-9c18-38f2b4fa93bc Филип Пулман}]}" func="main.main()" file="app.go: 40"
time="2022-08-12T13:39:16+03:00" level=info msg="register user handler" func="main.main()" file="app.go: 43"
time="2022-08-12T13:39:16+03:00" level=info msg="start application" func="main.start()" file="app.go: 52"
time="2022-08-12T13:39:16+03:00" level=info msg="listen tcp" func="main.start()" file="app.go: 69"
time="2022-08-12T13:39:16+03:00" level=info msg="Server is listening 0.0.0.0:10000..." func="main.start()" file="app.go: 71"
time="2022-08-12T13:39:51+03:00" level=info msg="create router" func="main.main()" file="app.go: 24"
time="2022-08-12T13:39:51+03:00" level=info msg="Read application configuration" func="papvan/cvmaker/internal/config.GetConfig.func1()" file="config.go: 43"
time="2022-08-12T13:39:51+03:00" level=info msg="{c6254b6e-d18e-489d-8859-93b4d9b1219b Властелин колец 2006 [{4cf14ef9-9c0e-4480-8c86-709acc03114e Джон Р. Р. Толкин}]}" func="main.main()" file="app.go: 40"
time="2022-08-12T13:39:51+03:00" level=info msg="{6ad58474-9a89-4abb-8f49-bdddb33746af Гордость и предубеждение 2001 [{0f739c77-59bc-437f-9c18-38f2b4fa93bc Филип Пулман} {40452dec-04e8-4379-9f61-07b0016e428f Джейн Остин}]}" func="main.main()" file="app.go: 40"
time="2022-08-12T13:39:51+03:00" level=info msg="{cae7c9f4-6478-49c5-b19c-cc861d5e4c1f Тёмные начала 0 [{0f739c77-59bc-437f-9c18-38f2b4fa93bc Филип Пулман}]}" func="main.main()" file="app.go: 40"
time="2022-08-12T13:39:51+03:00" level=info msg="register user handler" func="main.main()" file="app.go: 43"
time="2022-08-12T13:39:51+03:00" level=info msg="start application" func="main.start()" file="app.go: 52"
time="2022-08-12T13:39:51+03:00" level=info msg="listen tcp" func="main.start()" file="app.go: 69"
time="2022-08-12T13:39:51+03:00" level=info msg="Server is listening 0.0.0.0:10000..." func="main.start()" file="app.go: 71"
time="2022-08-12T19:54:04+03:00" level=info msg="create router" func="main.main()" file="app.go: 24"
time="2022-08-12T19:54:04+03:00" level=info msg="Read application configuration" func="papvan/cvmaker/internal/config.GetConfig.func1()" file="config.go: 43"
time="2022-08-12T19:54:04+03:00" level=info msg="{c6254b6e-d18e-489d-8859-93b4d9b1219b Властелин колец 2006 [{4cf14ef9-9c0e-4480-8c86-709acc03114e Джон Р. Р. Толкин}]}" func="main.main()" file="app.go: 40"
time="2022-08-12T19:54:04+03:00" level=info msg="{6ad58474-9a89-4abb-8f49-bdddb33746af Гордость и предубеждение 2001 [{0f739c77-59bc-437f-9c18-38f2b4fa93bc Филип Пулман} {40452dec-04e8-4379-9f61-07b0016e428f Джейн Остин}]}" func="main.main()" file="app.go: 40"
time="2022-08-12T19:54:04+03:00" level=info msg="{cae7c9f4-6478-49c5-b19c-cc861d5e4c1f Тёмные начала 0 [{0f739c77-59bc-437f-9c18-38f2b4fa93bc Филип Пулман}]}" func="main.main()" file="app.go: 40"
time="2022-08-12T19:54:04+03:00" level=info msg="{636f62db-5612-4f3c-8e17-34c4cdc09c94 A1 1 []}" func="main.main()" file="app.go: 40"
time="2022-08-12T19:54:04+03:00" level=info msg="{4ca2be62-95a9-461a-9b2f-d965afbcaa0d A2 2 []}" func="main.main()" file="app.go: 40"
time="2022-08-12T19:54:04+03:00" level=info msg="{f8b983dc-ed08-460e-8431-fc082ba11da9 A3 3 []}" func="main.main()" file="app.go: 40"
time="2022-08-12T19:54:04+03:00" level=info msg="{1ab8efb0-7985-4033-abae-87483f0b3ad5 A4 4 []}" func="main.main()" file="app.go: 40"
time="2022-08-12T19:54:04+03:00" level=info msg="{dc80dcae-7cd7-46cf-bb24-abb18a1dbe8b A5 5 []}" func="main.main()" file="app.go: 40"
time="2022-08-12T19:54:04+03:00" level=info msg="{0ca0ded2-06ad-48dc-a5bf-ae1bf1c00c0d A6 6 []}" func="main.main()" file="app.go: 40"
time="2022-08-12T19:54:04+03:00" level=info msg="{60a9dbfd-2280-45e6-9b85-256bb387296f A7 7 []}" func="main.main()" file="app.go: 40"
time="2022-08-12T19:54:04+03:00" level=info msg="register user handler" func="main.main()" file="app.go: 43"
time="2022-08-12T19:54:04+03:00" level=info msg="start application" func="main.start()" file="app.go: 52"
time="2022-08-12T19:54:04+03:00" level=info msg="listen tcp" func="main.start()" file="app.go: 69"
time="2022-08-12T19:54:04+03:00" level=info msg="Server is listening 0.0.0.0:10000..." func="main.start()" file="app.go: 71"
time="2022-08-12T20:01:46+03:00" level=info msg="create router" func="main.main()" file="app.go: 25"
time="2022-08-12T20:01:46+03:00" level=info msg="Read application configuration" func="papvan/cvmaker/internal/config.GetConfig.func1()" file="config.go: 43"
time="2022-08-12T20:01:46+03:00" level=info msg="start application" func="main.start()" file="app.go: 44"
time="2022-08-12T20:01:46+03:00" level=info msg="listen tcp" func="main.start()" file="app.go: 61"
time="2022-08-12T20:01:46+03:00" level=info msg="Server is listening 0.0.0.0:10000..." func="main.start()" file="app.go: 63"
time="2022-08-13T17:33:50+03:00" level=info msg="create router" func="main.main()" file="app.go: 25"
time="2022-08-13T17:33:50+03:00" level=info msg="Read application configuration" func="papvan/cvmaker/internal/config.GetConfig.func1()" file="config.go: 43"
time="2022-08-13T17:33:50+03:00" level=info msg="start application" func="main.start()" file="app.go: 44"
time="2022-08-13T17:33:50+03:00" level=info msg="listen tcp" func="main.start()" file="app.go: 61"
time="2022-08-13T17:33:50+03:00" level=info msg="Server is listening 0.0.0.0:10000..." func="main.start()" file="app.go: 63"
time="2022-08-13T17:36:23+03:00" level=info msg="create router" func="main.main()" file="app.go: 25"
time="2022-08-13T17:36:23+03:00" level=info msg="Read application configuration" func="papvan/cvmaker/internal/config.GetConfig.func1()" file="config.go: 43"
time="2022-08-13T17:36:23+03:00" level=info msg="start application" func="main.start()" file="app.go: 44"
time="2022-08-13T17:36:23+03:00" level=info msg="listen tcp" func="main.start()" file="app.go: 61"
time="2022-08-13T17:36:23+03:00" level=info msg="Server is listening 0.0.0.0:10000..." func="main.start()" file="app.go: 63"
time="2022-08-13T17:38:34+03:00" level=info msg="create router" func="main.main()" file="app.go: 25"
time="2022-08-13T17:38:34+03:00" level=info msg="Read application configuration" func="papvan/cvmaker/internal/config.GetConfig.func1()" file="config.go: 43"
time="2022-08-13T17:38:34+03:00" level=info msg="start application" func="main.start()" file="app.go: 44"
time="2022-08-13T17:38:34+03:00" level=info msg="listen tcp" func="main.start()" file="app.go: 61"
time="2022-08-13T17:38:34+03:00" level=info msg="Server is listening 0.0.0.0:10000..." func="main.start()" file="app.go: 63"
time="2022-08-13T17:40:20+03:00" level=info msg="create router" func="main.main()" file="app.go: 25"
time="2022-08-13T17:40:20+03:00" level=info msg="Read application configuration" func="papvan/cvmaker/internal/config.GetConfig.func1()" file="config.go: 43"
time="2022-08-13T17:40:20+03:00" level=info msg="start application" func="main.start()" file="app.go: 44"
time="2022-08-13T17:40:20+03:00" level=info msg="listen tcp" func="main.start()" file="app.go: 61"
time="2022-08-13T17:40:20+03:00" level=info msg="Server is listening 0.0.0.0:10000..." func="main.start()" file="app.go: 63"
time="2022-08-13T17:40:25+03:00" level=info msg="SQL: SELECT id, name, age, is_alive, created_at FROM public.author" func="papvan/cvmaker/internal/author/db/postgresql.(*repository).FindAll()" file="postgresql.go: 61"
time="2022-08-13T17:41:03+03:00" level=info msg="create router" func="main.main()" file="app.go: 25"
time="2022-08-13T17:41:03+03:00" level=info msg="Read application configuration" func="papvan/cvmaker/internal/config.GetConfig.func1()" file="config.go: 43"
time="2022-08-13T17:41:03+03:00" level=info msg="start application" func="main.start()" file="app.go: 44"
time="2022-08-13T17:41:03+03:00" level=info msg="listen tcp" func="main.start()" file="app.go: 61"
time="2022-08-13T17:41:03+03:00" level=info msg="Server is listening 0.0.0.0:10000..." func="main.start()" file="app.go: 63"
time="2022-08-13T17:42:09+03:00" level=info msg="create router" func="main.main()" file="app.go: 25"
time="2022-08-13T17:42:09+03:00" level=info msg="Read application configuration" func="papvan/cvmaker/internal/config.GetConfig.func1()" file="config.go: 43"
time="2022-08-13T17:42:09+03:00" level=info msg="start application" func="main.start()" file="app.go: 44"
time="2022-08-13T17:42:09+03:00" level=info msg="listen tcp" func="main.start()" file="app.go: 61"
time="2022-08-13T17:42:09+03:00" level=info msg="Server is listening 0.0.0.0:10000..." func="main.start()" file="app.go: 63"
time="2022-08-13T17:43:23+03:00" level=info msg="create router" func="main.main()" file="app.go: 25"
time="2022-08-13T17:43:23+03:00" level=info msg="Read application configuration" func="papvan/cvmaker/internal/config.GetConfig.func1()" file="config.go: 43"
time="2022-08-13T17:43:23+03:00" level=info msg="start application" func="main.start()" file="app.go: 44"
time="2022-08-13T17:43:23+03:00" level=info msg="listen tcp" func="main.start()" file="app.go: 61"
time="2022-08-13T17:43:23+03:00" level=info msg="Server is listening 0.0.0.0:10000..." func="main.start()" file="app.go: 63"
time="2022-08-13T17:46:28+03:00" level=info msg="create router" func="main.main()" file="app.go: 25"
time="2022-08-13T17:46:28+03:00" level=info msg="Read application configuration" func="papvan/cvmaker/internal/config.GetConfig.func1()" file="config.go: 43"
time="2022-08-13T17:46:28+03:00" level=info msg="start application" func="main.start()" file="app.go: 44"
time="2022-08-13T17:46:28+03:00" level=info msg="listen tcp" func="main.start()" file="app.go: 61"
time="2022-08-13T17:46:28+03:00" level=info msg="Server is listening 0.0.0.0:10000..." func="main.start()" file="app.go: 63"
time="2022-08-13T17:46:34+03:00" level=info msg="SQL: SELECT id, name, age, is_alive, created_at FROM public.author ORDER BY age asc" func="papvan/cvmaker/internal/author/db/postgresql.(*repository).FindAll()" file="postgresql.go: 61"
time="2022-08-13T18:03:00+03:00" level=info msg="create router" func="main.main()" file="app.go: 25"
time="2022-08-13T18:03:00+03:00" level=info msg="Read application configuration" func="papvan/cvmaker/internal/config.GetConfig.func1()" file="config.go: 43"
time="2022-08-13T18:03:00+03:00" level=info msg="start application" func="main.start()" file="app.go: 44"
time="2022-08-13T18:03:00+03:00" level=info msg="listen tcp" func="main.start()" file="app.go: 61"
time="2022-08-13T18:03:00+03:00" level=info msg="Server is listening 0.0.0.0:10000..." func="main.start()" file="app.go: 63"
time="2022-08-13T18:03:06+03:00" level=info msg="SQL: SELECT id, name, age, is_alive, created_at FROM public.author ORDER BY age asc" func="papvan/cvmaker/internal/author/db/postgresql.(*repository).FindAll()" file="postgresql.go: 60"
time="2022-08-13T18:03:13+03:00" level=info msg="SQL: SELECT id, name, age, is_alive, created_at FROM public.author ORDER BY age desc" func="papvan/cvmaker/internal/author/db/postgresql.(*repository).FindAll()" file="postgresql.go: 60"
